2025-02-10 01:03:48,564 - Pool Aula - DEBUG - Successfully initiated pool Aula
2025-02-10 01:03:50,045 - Pool Aula - INFO - SIMULATION START
2025-02-10 01:03:50,934 - Pool Aula - DEBUG - Alvaro: Sí, la prueba de español fue un desafío, pero me salió bien, creo. Me quedan algunas preguntas por revisar, pero no me lastimó demasiado. ¿Y qué te parece si trabajamos en grupos para la siguiente tarea?
2025-02-10 01:03:52,858 - Pool Aula - DEBUG - Diego: ¡Eso suena genial! Me gustaría trabajar con los de nuestro grupo, estamos todos un poco confundidos con la tarea del próximo proyecto. Quiero saber quién está libre mañana para empezar a planear. ¿Tú estás disponible?
2025-02-10 01:03:54,644 - Pool Aula - DEBUG - Alvaro: Sí, estoy disponible mañana. Me parece bien que empecemos a planificar, podemos ir al salón de clases al final del día y hablar sobre eso. ¿A qué hora crees que sería buena?
2025-02-10 01:03:56,662 - Pool Aula - DEBUG - Diego: Me parece bien el salón de clases al final del día, como dijiste. Creo que por la 4 o la 5 es una buena opción, no querríamos interrumpir a los demás cuando están terminando clase. ¿Te parece razonable?
2025-02-10 01:03:58,581 - Pool Aula - DEBUG - Alvaro: Sí, me parece perfecto. La 4 de la tarde es buena hora, no es demasiado pronto ni demasiado tarde. Me voy a asegurar de estar allí entonces. ¿Tú también vas a venir con los demás del grupo?
2025-02-10 01:04:00,398 - Pool Aula - DEBUG - Diego: Sí, voy a ir con los demás del grupo. Sabemos que podemos trabajar juntos y me parece bien seguir con la misma dinámica. ¡Me alegra que seamos de acuerdo!
2025-02-10 01:04:02,070 - Pool Aula - DEBUG - Alvaro: ¡Genial! Me alegra también, es más divertido cuando todos estamos en la misma página. ¿Sabes quién va a venir del grupo?
2025-02-10 01:04:03,984 - Pool Aula - DEBUG - Diego: Sí, creo que Sofía y Mateo van a venir, además de mí. Y quizá también Pablo, no estoy seguro si está libre mañana. Pero sí sabemos que él va a estar allí.
2025-02-10 01:04:07,078 - Pool Aula - DEBUG - Alvaro: ¡Excelente! Me alegra saber que Sofía y Mateo van a venir, son buenos trabajadores. Espero que Pablo sí esté disponible, eso sería perfecto. ¿Sabes si Ana también va a venir?
2025-02-10 01:04:09,206 - Pool Aula - DEBUG - Diego: Sí, creo que Ana tampoco está libre mañana, es la que más trabajo tiene en este momento. Pero no sabemos si puede venir después de terminar su trabajo o no. Tendremos que esperarlo ver.
2025-02-10 01:04:11,345 - Pool Aula - DEBUG - Alvaro: ¡Tienes razón! La Ana siempre tiene mucho trabajo. ¡Esperemos que pueda venir después, pero no te preocupes si no puede, solo nos vemos el día después, ¿de acuerdo?
2025-02-10 01:04:13,449 - Pool Aula - DEBUG - Diego: Sí, de acuerdo. No me molestará nada si no puede venir mañana, podemos hablar con ella el día después y ver qué tal le va. ¡Me alegra que estés dispuesto a darle tiempo!
2025-02-10 01:04:15,387 - Pool Aula - DEBUG - Alvaro: ¡No hay problema, es mejor preguntarle antes de asumirlo. Yo siempre digo que la comunicación es clave, ¿no?"
2025-02-10 01:04:17,596 - Pool Aula - DEBUG - Diego: Absolutamente, la comunicación es fundamental en cualquier grupo o proyecto. Si no nos habláramos desde el principio sobre las expectativas y los horarios, seguramente hubiera problemas. ¡Eres un modelo a seguir!
2025-02-10 01:04:19,890 - Pool Aula - DEBUG - Alvaro: ¡Jajaja, gracias! Me alegra que pienses eso, pero creo que es solo normal hablar y escuchar en un grupo, no hay nada especial en mí. La comunicación es algo básico, ¿no?
2025-02-10 01:04:22,190 - Pool Aula - DEBUG - Diego: Sí, tienes razón, la comunicación es fundamental para cualquier relación o proyecto. No tiene que ser algo especial, solo se trata de hablar claro y escuchar atentamente. ¡No creo que tengas nada que ver con eso!
2025-02-10 01:04:24,354 - Pool Aula - DEBUG - Alvaro: ¡Ja ja! Me divierto mucho cuando me llamas "no hay nada especial". Pero en serio, creo que es verdad lo que dices, la comunicación es algo básico y importante.
2025-02-10 01:04:26,834 - Pool Aula - DEBUG - Diego: Jajaja, me alegra que te diviertas! Sí, en serio, creo que es fundamental para cualquier relación o trabajo, no solo en un grupo de amigos. La claridad y la honestidad son clave para evitar malentendidos.
2025-02-10 01:04:29,216 - Pool Aula - DEBUG - Alvaro: ¡Absolutamente! Claridad y honestidad siempre son buenas cosas, especialmente cuando se trata de comunicación. Me parece genial que pienses eso, somos un buen equipo en el grupo, ¡y espero que sigamos así!
2025-02-10 01:04:31,828 - Pool Aula - DEBUG - Diego: Sí, estoy de acuerdo contigo, tenemos una buena dinámica y creo que podemos lograr cosas juntos. La confianza y la comunicación abierta son fundamentales para cualquier equipo, y me alegra que tengamos eso aquí. ¡Vamos a seguir trabajando en equipo!
2025-02-10 01:04:32,829 - Pool Aula - INFO - SIMULATION END
2025-02-10 01:05:12,373 - Pool Aula - DEBUG - Successfully initiated pool Aula
2025-02-10 01:05:14,448 - Pool Aula - INFO - SIMULATION START
2025-02-10 01:05:14,918 - Pool Aula - DEBUG - Alvaro: Lo mismo, no sé si puedo recordar todo lo que he aprendido en la última semana...
2025-02-10 01:05:17,201 - Pool Aula - DEBUG - Diego: Sí, es mucho material... Me acuerdo cuando estaba en 7ª, era igual, nunca sabía qué iba a pasar. ¿Cuál es el problema que te está dando problemas?
2025-02-10 01:05:18,663 - Pool Aula - DEBUG - Alvaro: Los conceptos de geometría, no entiendo bien cómo se relacionan entre sí...
2025-02-10 01:05:20,733 - Pool Aula - DEBUG - Diego: Sí, la geometría puede ser un poco confusa al principio... Creo que es porque no lo estudiamos mucho en 7ª. ¿Te gustaría hacer un ejemplo juntos antes de la prueba?
2025-02-10 01:05:22,363 - Pool Aula - DEBUG - Alvaro: Sí, eso me podría ayudar a entender mejor... ¿Tienes una hoja de trabajo o algo para trabajar?
2025-02-10 01:05:24,342 - Pool Aula - DEBUG - Diego: Sí, tengo mi cuaderno de matemáticas aquí... ¿Quieres mirarlo y ver si podemos hacer un ejemplo juntos?
2025-02-10 01:05:26,122 - Pool Aula - DEBUG - Alvaro: ¡Genial! Gracias, voy a ver qué hay aquí. (lee el cuaderno) ¿Qué te parece empezar con un triángulo?
2025-02-10 01:05:27,981 - Pool Aula - DEBUG - Diego: Un triángulo es una buena idea... Ya tengo un problema de triángulos encajado aquí... ¿Quieres que lo muestre?
2025-02-10 01:05:29,905 - Pool Aula - DEBUG - Alvaro: Sí, por favor. Me gustaría ver cómo se está resolviendo. (mira el cuaderno) ¿Es uno de los problemas de la clase?
2025-02-10 01:05:31,930 - Pool Aula - DEBUG - Diego: Sí, es un problema de hoy en la clase... Veo que tiene una pregunta sobre el teorema de Pitágoras. ¿Quieres intentar resolverlo contigo?
2025-02-10 01:05:33,771 - Pool Aula - DEBUG - Alvaro: ¡Claro! Me gusta el teorema de Pitágoras... ¿Vamos a tratar de encontrar la hipotenusa?
2025-02-10 01:05:35,682 - Pool Aula - DEBUG - Diego: Sí, vamos a empezar con eso... Veo que tenemos las dos catetos del triángulo, ¿quién va a hacer el cálculo inicial?
2025-02-10 01:05:37,705 - Pool Aula - DEBUG - Alvaro: Creo que yo voy a empezar, voy a calcular cuadrado los valores de los catetos y luego usar la fórmula. (cuenta en silencio) 4² y 5²...
2025-02-10 01:05:39,829 - Pool Aula - DEBUG - Diego: ¡Genial! Acabas de calcular el cuadrado de los catetos... Ahora tengo que encontrar las raíces cuadradas para ponerlos en la fórmula... ¿Quieres ayudarme a hacer eso?
2025-02-10 01:05:42,113 - Pool Aula - DEBUG - Alvaro: Sí, puedo ayudarte con eso. (mira el cuaderno) 4 y 5 son cuadrados de números enteros, así que voy a intentar encontrar las raíces cuadradas de los otros valores del triángulo...
2025-02-10 01:05:44,243 - Pool Aula - DEBUG - Diego: ¡Eso es genial! Con esas raíces cuadradas vamos a poder aplicar la fórmula... ¿Quieres hacer un cálculo rápido para ver si podemos identificar el tercer cateto?
2025-02-10 01:05:46,431 - Pool Aula - DEBUG - Alvaro: Sí, voy a probar con las raíces cuadradas de los valores restantes... (cuenta en silencio) 3 y 6, voy a probar... ¿Qué tal si probamos con estas dos?
2025-02-10 01:05:48,614 - Pool Aula - DEBUG - Diego: ¡Eso es interesante! Las raíces cuadradas de 3 y 6 podrían ser las soluciones para el tercer cateto... ¡Vamos a intentar encontrarlas!
2025-02-10 01:05:51,199 - Pool Aula - DEBUG - Alvaro: ¡Vamos a hacerlo! (mira el cuaderno) Si las raíces cuadradas son 3 y √6, voy a probar si pueden formar un triángulo con los otros dos catetos... ¿Qué tal si probamos con √6?
2025-02-10 01:05:53,282 - Pool Aula - DEBUG - Diego: ¡Genial! La raíz cuadrada de 6 es un poco complicada... Pero si lo calculamos, podríamos tener la respuesta. ¡Vamos a hacerlo!
2025-02-10 01:05:54,282 - Pool Aula - INFO - SIMULATION END
2025-02-10 01:08:58,014 - Pool Aula - DEBUG - Successfully initiated pool Aula
2025-02-10 01:08:59,190 - Pool Aula - INFO - SIMULATION START
2025-02-10 01:08:59,707 - Pool Aula - DEBUG - Diego: Bien, gracias Alvaro. Esto es un poco desordenado en clase, ¿no te parece?
2025-02-10 01:09:00,682 - Pool Aula - DEBUG - Alvaro: Sí, un poco, pero creo que se debe a la hora del trabajo de equipo. Nosotros tenemos que coordinarnos para presentar la proyección.
2025-02-10 01:09:02,708 - Pool Aula - DEBUG - Diego: Sí, ya empezamos con eso. Yo estoy trabajando en el segmento de estadísticas y me parece complicado. ¿Qué onda con tu parte, Alvaro?
2025-02-10 01:09:04,452 - Pool Aula - DEBUG - Alvaro: Mi tarea es hacer un gráfico con tableau. Me está pasando un poco, no sé cómo hacerlo correctamente.
2025-02-10 01:09:06,211 - Pool Aula - DEBUG - Diego: Tableau es un gran programa, pero puede ser un poco frustrante al principio. ¿Quieres que te muestre algunas trucadas que he aprendido?
2025-02-10 01:09:08,032 - Pool Aula - DEBUG - Alvaro: ¡Eso sería increíble! Me gustaría mucho ver algunas trucadas, ya he estado viendo las instrucciones del manual, pero no es lo mismo verlo en acción.
2025-02-10 01:09:09,793 - Pool Aula - DEBUG - Diego: Claro que sí, puedo mostrarte como hacer una columna de barras fácilmente. ¡Voy a buscar mis notas y veo qué puedo recordar!
2025-02-10 01:09:11,451 - Pool Aula - DEBUG - Alvaro: Genial, espera un momento, ¿puedes hablar con voz baja? No quiero molestar al profesor mientras sigue explicando algo.
2025-02-10 01:09:13,428 - Pool Aula - DEBUG - Diego: Sí, siento. *habla en voz baja* ¡No te preocupes, lo hago todo el tiempo cuando estamos trabajando en equipo! Lo único que debemos hacer es no distrayer a la clase.
2025-02-10 01:09:15,268 - Pool Aula - DEBUG - Alvaro: Jajaja, gracias, no me preocupé. Pero si alguien se acerca, tenemos que recordar que estamos trabajando en equipo, ¿no?
2025-02-10 01:09:16,908 - Pool Aula - DEBUG - Diego: ¡Exacto! No podemos dejar de lado el trabajo en equipo. Debe ser un buen momento para todos nosotros.
2025-02-10 01:09:18,673 - Pool Aula - DEBUG - Alvaro: ¡Absolutamente! Me alegra estar en clase con vosotros, es más divertido cuando todos se ponen de acuerdo y trabajan juntos.
2025-02-10 01:09:20,310 - Pool Aula - DEBUG - Diego: Me parece genial así también. Al menos hoy está siendo razonablemente tranquilo.
2025-02-10 01:09:22,101 - Pool Aula - DEBUG - Alvaro: Sí, todavía, esperemos que siga así, no quiero un día de locura en clase...
2025-02-10 01:09:23,740 - Pool Aula - DEBUG - Diego: ¡Ja! Me parece bien, aunque no estoy muy seguro de si eso es posible en esta clase...
2025-02-10 01:09:25,696 - Pool Aula - DEBUG - Alvaro: Jajaja, no te preocupes, siempre hay una forma de hacerlo más tranquilo. Bueno, ahora vamos a seguir con la presentación, ¿qué tal si empezamos?
2025-02-10 01:09:27,647 - Pool Aula - DEBUG - Diego: ¡Genial! Empezamos entonces. Yo voy a hablar sobre las estadísticas y luego puedes hacer tu parte con el gráfico en Tableau. ¡Vamos!
2025-02-10 01:09:29,430 - Pool Aula - DEBUG - Alvaro: ¡Ok, ok! Voy a empezar a hacer mi parte. Espero que no me veas fallando...
2025-02-10 01:09:31,360 - Pool Aula - DEBUG - Diego: No te preocupes, Alvaro. Si lo haces mal, puedo ayudarte. ¿Quieres que te muestre algunas cosas mientras trabajas?
2025-02-10 01:09:33,322 - Pool Aula - DEBUG - Alvaro: Sí, sería genial. Podrías mostrarme cómo hacer una barra de columna exactamente como la tuya, eso me ayudaría mucho.
2025-02-10 01:09:35,793 - Pool Aula - DEBUG - Diego: Claro, voy a recordar cómo lo hice... *busca en sus notas* Ah, sí, el truco es dejar que los datos se carguen todo antes y luego agregar las etiquetas una por una. ¡Así deberías conseguir hacer una buena barra de columna!
2025-02-10 01:09:36,794 - Pool Aula - INFO - SIMULATION END
